<?xml version="1.0" encoding="UTF-8"?>
<!-- Generated by org.testng.reporters.JUnitReportReporter -->
<testsuite hostname="DEEPIKA" failures="0" tests="2" name="testCases.TC_001_AccountRegistrationTest" time="16.263" errors="0" timestamp="2025-12-15T12:34:57 IST" skipped="0">
  <testcase classname="testCases.TC_001_AccountRegistrationTest" name="test_account_Registration" time="6.485"/>
  <testcase classname="testCases.TC_001_AccountRegistrationTest" name="test_account_Registration" time="9.778"/>
</testsuite> <!-- testCases.TC_001_AccountRegistrationTest -->
